Thu Jan 16 22:29:56 2020
-REQUEST:ADD:F

Thu Jan 16 22:29:56 2020
-RESPONSE:ERROR

Thu Jan 16 22:29:58 2020
-REQUEST:ADD:S

Thu Jan 16 22:29:58 2020
-RESPONSE:ERROR

Thu Jan 16 22:30:00 2020
-REQUEST:ADD:P

Thu Jan 16 22:30:00 2020
-RESPONSE:OK
Thu Jan 16 22:30:07 2020
-REQUEST:RANDOM

Thu Jan 16 22:30:07 2020
-RESPONSE:F

Thu Jan 16 22:30:08 2020
-REQUEST:COUNT

Thu Jan 16 22:30:08 2020
-RESPONSE:3

Thu Jan 16 22:32:25 2020
-REQUEST:ADD:S

Thu Jan 16 22:32:25 2020
-RESPONSE:ERROR

Thu Jan 16 22:32:27 2020
-REQUEST:ADD:E

Thu Jan 16 22:32:27 2020
-RESPONSE:OK
Thu Jan 16 22:32:28 2020
-REQUEST:COUNT

Thu Jan 16 22:32:28 2020
-RESPONSE:4

